<?xml version="1.0" encoding="UTF-8"?>
<testsuite xmlns:xsi="http://www.w3.org/2001/XMLSchema-instance" xsi:noNamespaceSchemaLocation="https://maven.apache.org/surefire/maven-surefire-plugin/xsd/surefire-test-report-3.0.xsd" version="3.0" name="DescuentoFijoTest" time="0.005" tests="1" errors="0" skipped="0" failures="0">
  <properties>
[...]
</properties>
  <testcase name="descontar5PesosValor100delPrecioDelProducto" classname="DescuentoFijoTest" time="0.003">
    <system-out><![CDATA[ resultado de getDescuento 95.0
]]></system-out>
  </testcase>
</testsuite>